<?xml version="1.0" encoding="UTF-8" standalone="no"?>
<!DOCTYPE log SYSTEM "logger.dtd">
<log>
<record>
  <date>2023-06-29T10:50:21.449079500Z</date>
  <millis>1688035821449</millis>
  <nanos>79500</nanos>
  <sequence>0</sequence>
  <logger>Task_3</logger>
  <level>INFO</level>
  <class>Task_3</class>
  <method>main</method>
  <thread>1</thread>
  <message>Калькулятор запущен</message>
</record>
<record>
  <date>2023-06-29T10:50:31.678756200Z</date>
  <millis>1688035831678</millis>
  <nanos>756200</nanos>
  <sequence>1</sequence>
  <logger>Task_3</logger>
  <level>INFO</level>
  <class>Task_3</class>
  <method>main</method>
  <thread>1</thread>
  <message>5.0 + 5.0 = 10.0</message>
</record>
<record>
  <date>2023-06-29T10:50:31.694381Z</date>
  <millis>1688035831694</millis>
  <nanos>381000</nanos>
  <sequence>2</sequence>
  <logger>Task_3</logger>
  <level>INFO</level>
  <class>Task_3</class>
  <method>main</method>
  <thread>1</thread>
  <message>Калькулятор завершен</message>
</record>
</log>
